// 重构日志: 0c127bb0
// 重构日志: 3899c35e
// 同步 ID: 948a19c1 @ Sat Jun 20 00:51:47 UTC 2026
// 重构日志: c6a3321d
// 重构日志: b5459b3a
// 重构日志: 7484b0e5
// 同步 ID: fb9c1ad0 @ Tue Jun 23 13:14:17 UTC 2026
// 重构日志: e3064e57
// 重构日志: ff852979
// 同步 ID: 95495bf2 @ Thu Jun 25 05:06:29 UTC 2026
// 重构日志: 901ec403
// 重构日志: 6590f7ce
// 同步 ID: cb3692c7 @ Sun Jun 28 12:33:24 UTC 2026
// 重构日志: 3476d736
// 重构日志: 2af29342
// 同步 ID: 7a411d8f @ Fri Jul  3 22:09:50 UTC 2026
// 重构日志: 1abbe8cf
// 重构日志: 856525e9
// 重构日志: b4d959b2
// 同步 ID: ca05154e @ Sat Jul  4 22:16:14 UTC 2026
// 重构日志: bf0948e4
// 重构日志: 52a39738
// 重构日志: 08bf7f18
// 重构日志: 8efa0a52
// 重构日志: a54783e6
// 重构日志: 56f0b72e
// 重构日志: c121a889
// 同步 ID: 91e6e811 @ Fri Jul 10 00:47:15 UTC 2026
// 重构日志: e13e2f57
// 同步 ID: a138583b @ Fri Jul 10 12:50:29 UTC 2026
// 重构日志: b84cd7ed
